<?xml version="1.0" encoding="UTF-8"?>
<testsuite xmlns:xsi="http://www.w3.org/2001/XMLSchema-instance" xsi:noNamespaceSchemaLocation="https://maven.apache.org/surefire/maven-surefire-plugin/xsd/surefire-test-report.xsd" name="rest.RenameMeResourceTest" time="2.567" tests="3" errors="0" skipped="0" failures="0">
  <properties>
[...]
</properties>
  <testcase name="testDummyMsg" classname="rest.RenameMeResourceTest" time="1.273"/>
  <testcase name="testCount" classname="rest.RenameMeResourceTest" time="0.065"/>
  <testcase name="testServerIsUp" classname="rest.RenameMeResourceTest" time="0.041"/>
</testsuite>